<?xml version="1.0" encoding="UTF-8"?>
<testng-results ignored="0" total="1" passed="1" failed="0" skipped="0">
  <reporter-output>
  </reporter-output>
  <suite started-at="2025-02-21T19:56:47 IST" name="Default suite" finished-at="2025-02-21T19:56:55 IST" duration-ms="8793">
    <groups>
    </groups>
    <test started-at="2025-02-21T19:56:47 IST" name="Default test" finished-at="2025-02-21T19:56:55 IST" duration-ms="8793">
      <class name="books.TC_001_Test">
        <test-method is-config="true" signature="configureReport()[pri:0, instance:books.TC_001_Test@33bc72d1]" started-at="2025-02-21T19:56:46 IST" name="configureReport" finished-at="2025-02-21T19:56:47 IST" duration-ms="203" status="PASS">
          <reporter-output>
          </reporter-output>
        </test-method> <!-- configureReport -->
        <test-method is-config="true" signature="openBrowser()[pri:0, instance:books.TC_001_Test@33bc72d1]" started-at="2025-02-21T19:56:47 IST" name="openBrowser" finished-at="2025-02-21T19:56:51 IST" duration-ms="4785" status="PASS">
          <reporter-output>
          </reporter-output>
        </test-method> <!-- openBrowser -->
        <test-method is-config="true" signature="login()[pri:0, instance:books.TC_001_Test@33bc72d1]" started-at="2025-02-21T19:56:51 IST" name="login" finished-at="2025-02-21T19:56:53 IST" duration-ms="1684" status="PASS">
          <reporter-output>
          </reporter-output>
        </test-method> <!-- login -->
        <test-method signature="clickOnBooks()[pri:0, instance:books.TC_001_Test@33bc72d1]" started-at="2025-02-21T19:56:53 IST" name="clickOnBooks" finished-at="2025-02-21T19:56:54 IST" duration-ms="1068" status="PASS">
          <reporter-output>
          </reporter-output>
        </test-method> <!-- clickOnBooks -->
        <test-method is-config="true" signature="logout()[pri:0, instance:books.TC_001_Test@33bc72d1]" started-at="2025-02-21T19:56:54 IST" name="logout" finished-at="2025-02-21T19:56:55 IST" duration-ms="981" status="PASS">
          <reporter-output>
          </reporter-output>
        </test-method> <!-- logout -->
        <test-method is-config="true" signature="closeBrowser()[pri:0, instance:books.TC_001_Test@33bc72d1]" started-at="2025-02-21T19:56:55 IST" name="closeBrowser" finished-at="2025-02-21T19:56:55 IST" duration-ms="237" status="PASS">
          <reporter-output>
          </reporter-output>
        </test-method> <!-- closeBrowser -->
        <test-method is-config="true" signature="reportBackup()[pri:0, instance:books.TC_001_Test@33bc72d1]" started-at="2025-02-21T19:56:55 IST" name="reportBackup" finished-at="2025-02-21T19:56:56 IST" duration-ms="827" status="PASS">
          <reporter-output>
          </reporter-output>
        </test-method> <!-- reportBackup -->
      </class> <!-- books.TC_001_Test -->
    </test> <!-- Default test -->
  </suite> <!-- Default suite -->
</testng-results>
